# JRE version: Java(TM) SE Runtime Environment (11.0+28) (build 11+28)
# Java VM: Java HotSpot(TM) 64-Bit Server VM (11+28, mixed mode, tiered, compressed oops, g1 gc, windows-amd64)
Heap:
 garbage-first heap   total 119808K, used 42562K [0x00000000c1600000, 0x0000000100000000)
  region size 1024K, 18 young (18432K), 7 survivors (7168K)
 Metaspace       used 61773K, capacity 63305K, committed 63536K, reserved 1103872K
  class space    used 8112K, capacity 8737K, committed 8800K, reserved 1048576K
GC Heap History (10 events):
Event: 3.438 GC heap before
{Heap before GC invocations=13 (full 0):
 garbage-first heap   total 97280K, used 69286K [0x00000000c1600000, 0x0000000100000000)
  region size 1024K, 47 young (48128K), 1 survivors (1024K)
 Metaspace       used 43463K, capacity 44578K, committed 44752K, reserved 1087488K
  class space    used 5561K, capacity 6022K, committed 6144K, reserved 1048576K
}
Event: 3.444 GC heap after
{Heap after GC invocations=14 (full 0):
 garbage-first heap   total 97280K, used 23865K [0x00000000c1600000, 0x0000000100000000)
  region size 1024K, 3 young (3072K), 3 survivors (3072K)
 Metaspace       used 43463K, capacity 44578K, committed 44752K, reserved 1087488K
  class space    used 5561K, capacity 6022K, committed 6144K, reserved 1048576K
}
Event: 3.941 GC heap before
{Heap before GC invocations=14 (full 0):
 garbage-first heap   total 97280K, used 70969K [0x00000000c1600000, 0x0000000100000000)
  region size 1024K, 49 young (50176K), 3 survivors (3072K)
 Metaspace       used 50391K, capacity 51509K, committed 51792K, reserved 1093632K
  class space    used 6513K, capacity 6983K, committed 7040K, reserved 1048576K
}
Event: 3.948 GC heap after
{Heap after GC invocations=15 (full 0):
 garbage-first heap   total 97280K, used 25254K [0x00000000c1600000, 0x0000000100000000)
  region size 1024K, 4 young (4096K), 4 survivors (4096K)
 Metaspace       used 50391K, capacity 51509K, committed 51792K, reserved 1093632K
  class space    used 6513K, capacity 6983K, committed 7040K, reserved 1048576K
}
Event: 4.518 GC heap before
{Heap before GC invocations=15 (full 0):
 garbage-first heap   total 97280K, used 72358K [0x00000000c1600000, 0x0000000100000000)
  region size 1024K, 50 young (51200K), 4 survivors (4096K)
 Metaspace       used 55971K, capacity 57352K, committed 57552K, reserved 1099776K
  class space    used 7305K, capacity 7867K, committed 7936K, reserved 1048576K
}
Event: 4.528 GC heap after
{Heap after GC invocations=16 (full 0):
 garbage-first heap   total 119808K, used 27341K [0x00000000c1600000, 0x0000000100000000)
  region size 1024K, 6 young (6144K), 6 survivors (6144K)
 Metaspace       used 55971K, capacity 57352K, committed 57552K, reserved 1099776K
  class space    used 7305K, capacity 7867K, committed 7936K, reserved 1048576K
}
Event: 8.264 GC heap before
{Heap before GC invocations=16 (full 0):
 garbage-first heap   total 119808K, used 79565K [0x00000000c1600000, 0x0000000100000000)
  region size 1024K, 58 young (59392K), 6 survivors (6144K)
 Metaspace       used 56582K, capacity 57980K, committed 58064K, reserved 1099776K
  class space    used 7377K, capacity 7922K, committed 7936K, reserved 1048576K
}
Event: 8.277 GC heap after
{Heap after GC invocations=17 (full 0):
 garbage-first heap   total 119808K, used 28711K [0x00000000c1600000, 0x0000000100000000)
  region size 1024K, 5 young (5120K), 5 survivors (5120K)
 Metaspace       used 56582K, capacity 57980K, committed 58064K, reserved 1099776K
  class space    used 7377K, capacity 7922K, committed 7936K, reserved 1048576K
}
Event: 20.921 GC heap before
{Heap before GC invocations=17 (full 0):
 garbage-first heap   total 119808K, used 88103K [0x00000000c1600000, 0x0000000100000000)
  region size 1024K, 64 young (65536K), 5 survivors (5120K)
 Metaspace       used 60448K, capacity 61930K, committed 62000K, reserved 1103872K
  class space    used 7913K, capacity 8512K, committed 8544K, reserved 1048576K
}
Event: 20.934 GC heap after
{Heap after GC invocations=18 (full 0):
 garbage-first heap   total 119808K, used 32322K [0x00000000c1600000, 0x0000000100000000)
  region size 1024K, 7 young (7168K), 7 survivors (7168K)
 Metaspace       used 60448K, capacity 61930K, committed 62000K, reserved 1103872K
  class space    used 7913K, capacity 8512K, committed 8544K, reserved 1048576K
}

