# JRE version: Java(TM) SE Runtime Environment (11.0+28) (build 11+28)
# Java VM: Java HotSpot(TM) 64-Bit Server VM (11+28, mixed mode, tiered, compressed oops, g1 gc, windows-amd64)
Heap:
 garbage-first heap   total 118784K, used 54529K [0x00000000c1600000, 0x0000000100000000)
  region size 1024K, 31 young (31744K), 7 survivors (7168K)
 Metaspace       used 61819K, capacity 63306K, committed 63556K, reserved 1103872K
  class space    used 8109K, capacity 8737K, committed 8856K, reserved 1048576K
GC Heap History (10 events):
Event: 3.427 GC heap before
{Heap before GC invocations=12 (full 0):
 garbage-first heap   total 98304K, used 39936K [0x00000000c1600000, 0x0000000100000000)
  region size 1024K, 19 young (19456K), 2 survivors (2048K)
 Metaspace       used 42695K, capacity 43805K, committed 43948K, reserved 1087488K
  class space    used 5375K, capacity 5828K, committed 5888K, reserved 1048576K
}
Event: 3.431 GC heap after
{Heap after GC invocations=13 (full 0):
 garbage-first heap   total 98304K, used 23674K [0x00000000c1600000, 0x0000000100000000)
  region size 1024K, 3 young (3072K), 3 survivors (3072K)
 Metaspace       used 42695K, capacity 43805K, committed 43948K, reserved 1087488K
  class space    used 5375K, capacity 5828K, committed 5888K, reserved 1048576K
}
Event: 3.876 GC heap before
{Heap before GC invocations=14 (full 0):
 garbage-first heap   total 98304K, used 65658K [0x00000000c1600000, 0x0000000100000000)
  region size 1024K, 44 young (45056K), 3 survivors (3072K)
 Metaspace       used 48776K, capacity 49964K, committed 50244K, reserved 1093632K
  class space    used 6212K, capacity 6686K, committed 6808K, reserved 1048576K
}
Event: 3.884 GC heap after
{Heap after GC invocations=15 (full 0):
 garbage-first heap   total 98304K, used 24881K [0x00000000c1600000, 0x0000000100000000)
  region size 1024K, 4 young (4096K), 4 survivors (4096K)
 Metaspace       used 48776K, capacity 49964K, committed 50244K, reserved 1093632K
  class space    used 6212K, capacity 6686K, committed 6808K, reserved 1048576K
}
Event: 4.448 GC heap before
{Heap before GC invocations=16 (full 0):
 garbage-first heap   total 98304K, used 68913K [0x00000000c1600000, 0x0000000100000000)
  region size 1024K, 47 young (48128K), 4 survivors (4096K)
 Metaspace       used 53866K, capacity 55019K, committed 55108K, reserved 1097728K
  class space    used 7012K, capacity 7490K, committed 7576K, reserved 1048576K
}
Event: 4.457 GC heap after
{Heap after GC invocations=17 (full 0):
 garbage-first heap   total 118784K, used 26718K [0x00000000c1600000, 0x0000000100000000)
  region size 1024K, 4 young (4096K), 4 survivors (4096K)
 Metaspace       used 53866K, capacity 55019K, committed 55108K, reserved 1097728K
  class space    used 7012K, capacity 7490K, committed 7576K, reserved 1048576K
}
Event: 4.803 GC heap before
{Heap before GC invocations=17 (full 0):
 garbage-first heap   total 118784K, used 80990K [0x00000000c1600000, 0x0000000100000000)
  region size 1024K, 58 young (59392K), 4 survivors (4096K)
 Metaspace       used 56438K, capacity 57853K, committed 58052K, reserved 1099776K
  class space    used 7373K, capacity 7922K, committed 7960K, reserved 1048576K
}
Event: 4.811 GC heap after
{Heap after GC invocations=18 (full 0):
 garbage-first heap   total 118784K, used 28368K [0x00000000c1600000, 0x0000000100000000)
  region size 1024K, 6 young (6144K), 6 survivors (6144K)
 Metaspace       used 56438K, capacity 57853K, committed 58052K, reserved 1099776K
  class space    used 7373K, capacity 7922K, committed 7960K, reserved 1048576K
}
Event: 6.030 GC heap before
{Heap before GC invocations=18 (full 0):
 garbage-first heap   total 118784K, used 84688K [0x00000000c1600000, 0x0000000100000000)
  region size 1024K, 62 young (63488K), 6 survivors (6144K)
 Metaspace       used 59867K, capacity 61322K, committed 61380K, reserved 1101824K
  class space    used 7842K, capacity 8437K, committed 8472K, reserved 1048576K
}
Event: 6.042 GC heap after
{Heap after GC invocations=19 (full 0):
 garbage-first heap   total 118784K, used 30977K [0x00000000c1600000, 0x0000000100000000)
  region size 1024K, 7 young (7168K), 7 survivors (7168K)
 Metaspace       used 59867K, capacity 61322K, committed 61380K, reserved 1101824K
  class space    used 7842K, capacity 8437K, committed 8472K, reserved 1048576K
}

